[ 2023-05-06 13:04:58,969 ] 17 root - INFO - We are in data ingestion
[ 2023-05-06 13:04:58,969 ] 21 root - INFO - artifact directory is being created
[ 2023-05-06 13:04:58,970 ] 23 root - INFO - feature store is being created
[ 2023-05-06 13:04:58,970 ] 25 root - INFO - Train and Test separated CSV file being created
[ 2023-05-06 13:04:58,970 ] 21 root - INFO - starting of the data ingestion
[ 2023-05-06 13:04:58,970 ] 15 root - INFO - Reading data from Database
[ 2023-05-06 13:04:59,017 ] 17 root - INFO - The data frame is created of (2800, 31) shape
[ 2023-05-06 13:04:59,018 ] 18 root - INFO - The columns name are Index(['_id', 'age', 'sex', 'on_thyroxine', 'query_on_thyroxine',
       'on_antithyroid_medication', 'sick', 'pregnant', 'thyroid_surgery',
       'I131_treatment', 'query_hypothyroid', 'query_hyperthyroid', 'lithium',
       'goitre', 'tumor', 'hypopituitary', 'psych', 'TSH_measured', 'TSH',
       'T3_measured', 'T3', 'TT4_measured', 'TT4', 'T4U_measured', 'T4U',
       'FTI_measured', 'FTI', 'TBG_measured', 'TBG', 'referral_source',
       'Class'],
      dtype='object')
[ 2023-05-06 13:04:59,018 ] 20 root - INFO - Droping the _id  column form the dataframe
[ 2023-05-06 13:04:59,020 ] 23 root - INFO - The dataframe is obtained.Its shape is (2800, 30)
[ 2023-05-06 13:05:27,410 ] 33 root - INFO - feature store dir is being created
[ 2023-05-06 13:05:27,411 ] 39 root - INFO -  thyroid data is dumped to the directory
[ 2023-05-06 13:05:27,434 ] 43 root - INFO - Train test split
[ 2023-05-06 13:05:27,438 ] 47 root - INFO - creating directory of the train
[ 2023-05-06 13:05:27,438 ] 53 root - INFO - creating directort for test
[ 2023-05-06 13:05:27,438 ] 57 root - INFO - train data is being dumped
[ 2023-05-06 13:05:27,453 ] 59 root - INFO - testing data is being dumped
[ 2023-05-06 13:05:27,457 ] 65 root - INFO - The artifact are being created
